2021-05-29 12:55:14.537  INFO 10336 --- [restartedMain] com.student.union.UnionApplication       : Starting UnionApplication using Java 1.8.0_71 on LAPTOP-53398BE9 with PID 10336 (D:\桌面下载\union\target\classes started by 23232 in D:\桌面下载\union)
2021-05-29 12:55:14.550  INFO 10336 --- [restartedMain] com.student.union.UnionApplication       : No active profile set, falling back to default profiles: default
2021-05-29 12:55:15.169  INFO 10336 --- [restartedMain] .e.DevToolsPropertyDefaultsPostProcessor : Devtools property defaults active! Set 'spring.devtools.add-properties' to 'false' to disable
2021-05-29 12:55:15.169  INFO 10336 --- [restartedMain] .e.DevToolsPropertyDefaultsPostProcessor : For additional web related logging consider setting the 'logging.level.web' property to 'DEBUG'
2021-05-29 12:55:21.976  INFO 10336 --- [restartedMain] o.s.b.w.embedded.tomcat.TomcatWebServer  : Tomcat initialized with port(s): 8080 (http)
2021-05-29 12:55:22.020  INFO 10336 --- [restartedMain] o.apache.catalina.core.StandardService   : Starting service [Tomcat]
2021-05-29 12:55:22.021  INFO 10336 --- [restartedMain] org.apache.catalina.core.StandardEngine  : Starting Servlet engine: [Apache Tomcat/9.0.41]
2021-05-29 12:55:22.149  INFO 10336 --- [restartedMain] o.a.c.c.C.[Tomcat].[localhost].[/]       : Initializing Spring embedded WebApplicationContext
2021-05-29 12:55:22.149  INFO 10336 --- [restartedMain] w.s.c.ServletWebServerApplicationContext : Root WebApplicationContext: initialization completed in 6978 ms
2021-05-29 12:55:24.764  INFO 10336 --- [restartedMain] o.s.s.concurrent.ThreadPoolTaskExecutor  : Initializing ExecutorService 'applicationTaskExecutor'
2021-05-29 12:55:25.427  WARN 10336 --- [restartedMain] ion$DefaultTemplateResolverConfiguration : Cannot find template location: classpath:/templates/ (please add some templates or check your Thymeleaf configuration)
2021-05-29 12:55:25.994  INFO 10336 --- [restartedMain] o.s.b.d.a.OptionalLiveReloadServer       : LiveReload server is running on port 35729
2021-05-29 12:55:26.090  INFO 10336 --- [restartedMain] o.s.b.w.embedded.tomcat.TomcatWebServer  : Tomcat started on port(s): 8080 (http) with context path ''
2021-05-29 12:55:26.135  INFO 10336 --- [restartedMain] com.student.union.UnionApplication       : Started UnionApplication in 15.589 seconds (JVM running for 36.291)
2021-05-29 12:56:03.717  INFO 10336 --- [http-nio-8080-exec-1] o.a.c.c.C.[Tomcat].[localhost].[/]       : Initializing Spring DispatcherServlet 'dispatcherServlet'
2021-05-29 12:56:03.722  INFO 10336 --- [http-nio-8080-exec-1] o.s.web.servlet.DispatcherServlet        : Initializing Servlet 'dispatcherServlet'
2021-05-29 12:56:03.723  INFO 10336 --- [http-nio-8080-exec-1] o.s.web.servlet.DispatcherServlet        : Completed initialization in 1 ms
2021-05-29 12:56:04.186  INFO 10336 --- [http-nio-8080-exec-1] com.zaxxer.hikari.HikariDataSource       : HikariPool-1 - Starting...
2021-05-29 12:56:05.392  INFO 10336 --- [http-nio-8080-exec-1] com.zaxxer.hikari.HikariDataSource       : HikariPool-1 - Start completed.
2021-05-29 13:02:21.575  WARN 10336 --- [HikariPool-1 housekeeper] com.zaxxer.hikari.pool.HikariPool        : HikariPool-1 - Thread starvation or clock leap detected (housekeeper delta=4m16s45ms533µs700ns).
